0 info it worked if it ends with ok
1 verbose cli [ '/usr/local/bin/node', '/usr/local/bin/npm', 'run', 'lite' ]
2 info using npm@3.8.3
3 info using node@v5.10.1
4 verbose run-script [ 'prelite', 'lite', 'postlite' ]
5 info lifecycle angular2-boilerplate@1.0.0~prelite: angular2-boilerplate@1.0.0
6 silly lifecycle angular2-boilerplate@1.0.0~prelite: no script for prelite, continuing
7 info lifecycle angular2-boilerplate@1.0.0~lite: angular2-boilerplate@1.0.0
8 verbose lifecycle angular2-boilerplate@1.0.0~lite: unsafe-perm in lifecycle true
9 verbose lifecycle angular2-boilerplate@1.0.0~lite: PATH: /usr/local/lib/node_modules/npm/bin/node-gyp-bin:/home/nicolas/Documents/langage/angular2-exercice5/angular2/node_modules/.bin:/usr/local/bin:/usr/local/lib/node_modules/npm/bin/node-gyp-bin:/home/nicolas/Documents/langage/angular2-exercice5/angular2/node_modules/.bin:/usr/local/bin:/home/nicolas/.local/share/umake/bin:/home/nicolas/.rvm/gems/ruby-2.3.0/bin:/home/nicolas/.rvm/gems/ruby-2.3.0@global/bin:/home/nicolas/.rvm/rubies/ruby-2.3.0/bin:/usr/local/sbin:/usr/local/bin:/usr/sbin:/usr/bin:/sbin:/bin:/usr/games:/usr/local/games:/home/nicolas/.rvm/bin:/home/nicolas/.rvm/bin:/home/nicolas/android/sdk/platform-tools:/home/nicolas/android/sdk/tools:/home/nicolas/android/sdk
10 verbose lifecycle angular2-boilerplate@1.0.0~lite: CWD: /home/nicolas/Documents/langage/angular2-exercice5/angular2
11 silly lifecycle angular2-boilerplate@1.0.0~lite: Args: [ '-c', 'lite-server' ]
12 silly lifecycle angular2-boilerplate@1.0.0~lite: Returned: code: 134  signal: null
13 info lifecycle angular2-boilerplate@1.0.0~lite: Failed to exec lite script
14 verbose stack Error: angular2-boilerplate@1.0.0 lite: `lite-server`
14 verbose stack Exit status 134
14 verbose stack     at EventEmitter.<anonymous> (/usr/local/lib/node_modules/npm/lib/utils/lifecycle.js:239:16)
14 verbose stack     at emitTwo (events.js:100:13)
14 verbose stack     at EventEmitter.emit (events.js:185:7)
14 verbose stack     at ChildProcess.<anonymous> (/usr/local/lib/node_modules/npm/lib/utils/spawn.js:24:14)
14 verbose stack     at emitTwo (events.js:100:13)
14 verbose stack     at ChildProcess.emit (events.js:185:7)
14 verbose stack     at maybeClose (internal/child_process.js:850:16)
14 verbose stack     at Process.ChildProcess._handle.onexit (internal/child_process.js:215:5)
15 verbose pkgid angular2-boilerplate@1.0.0
16 verbose cwd /home/nicolas/Documents/langage/angular2-exercice5/angular2
17 error Linux 4.2.0-35-generic
18 error argv "/usr/local/bin/node" "/usr/local/bin/npm" "run" "lite"
19 error node v5.10.1
20 error npm  v3.8.3
21 error code ELIFECYCLE
22 error angular2-boilerplate@1.0.0 lite: `lite-server`
22 error Exit status 134
23 error Failed at the angular2-boilerplate@1.0.0 lite script 'lite-server'.
23 error Make sure you have the latest version of node.js and npm installed.
23 error If you do, this is most likely a problem with the angular2-boilerplate package,
23 error not with npm itself.
23 error Tell the author that this fails on your system:
23 error     lite-server
23 error You can get information on how to open an issue for this project with:
23 error     npm bugs angular2-boilerplate
23 error Or if that isn't available, you can get their info via:
23 error     npm owner ls angular2-boilerplate
23 error There is likely additional logging output above.
24 verbose exit [ 1, true ]
